<?xml version="1.0" encoding="UTF-8"?>
<!-- Generated by org.testng.reporters.JUnitXMLReporter -->
<testsuite hostname="DESKTOP-60E81K6" ignored="0" name="Test" tests="4" failures="0" timestamp="2019-07-09T17:18:15 IST" time="0.031" errors="0">
  <testcase name="webautomation" time="0.015" classname="qaclickacademy.RestapiTest"/>
  <testcase name="windowauomation" time="0.0" classname="qaclickacademy.RestapiTest"/>
  <testcase name="nativeapps" time="0.0" classname="qaclickacademy.SeleniumTest"/>
  <testcase name="webbrowser" time="0.0" classname="qaclickacademy.SeleniumTest"/>
</testsuite> <!-- Test -->
